host: DESKTOP-RIOPIIU
Building DAG of jobs...
Provided cores: 1 (use --cores to define parallelism)
Rules claiming more threads will be scaled down.
Job stats:
job                count
---------------  -------
decision_bundle        1
total                  1

Select jobs to execute...
Execute 1 jobs...

[Sun Dec 21 01:22:54 2025]
localrule decision_bundle:
    input: cache/features/similarity/H001/P001.json, cache/features/similarity/H001/P002.json, cache/features/similarity/H001/P003.json, cache/features/structural/H001, cache/features/safety/P001.json, cache/features/safety/P002.json, cache/features/safety/P003.json
    output: rankings/H001/ranking.csv, rankings/H001/evidence_bundle.json
    jobid: 0
    reason: Missing output files: rankings/H001/ranking.csv
    wildcards: host_id=H001
    resources: tmpdir=C:\Users\egzbi\AppData\Local\Temp

python scripts/assemble_decision_bundle.py --host-id H001 --config config.yaml --phage-manifest manifests/phages.tsv --host-manifest manifests/hosts.tsv --similarity-dir cache\features\similarity --structural-dir cache\features\structural --safety-dir cache\features\safety --out-ranking rankings/H001/ranking.csv --out-evidence rankings/H001/evidence_bundle.json
[Sun Dec 21 01:22:54 2025]
Finished job 0.
1 of 1 steps (100%) done
Complete log: .snakemake\log\2025-12-21T012253.677285.snakemake.log
