host: DESKTOP-RIOPIIU
Building DAG of jobs...
Provided cores: 1 (use --cores to define parallelism)
Rules claiming more threads will be scaled down.
Conda environments: ignored
Job stats:
job                    count
-------------------  -------
decision_bundle            1
safety_feature             3
similarity_feature         3
structural_features        1
total                      8

Select jobs to execute...
Execute 1 jobs...

[Sun Dec 21 01:05:52 2025]
localrule similarity_feature:
    output: cache/features/similarity/H001/P002.json
    jobid: 2
    reason: Missing output files: cache/features/similarity/H001/P002.json
    wildcards: host_id=H001, phage_id=P002
    resources: tmpdir=C:\Users\egzbi\AppData\Local\Temp

python scripts/modules/sourmash_containment.py --host-id H001 --phage-id P002 --out cache/features/similarity/H001/P002.json --mock
WorkflowError:
Failed to open source file C:\GIT\phage-match\workflow\pm_v0_1\envs/core.yml
FileNotFoundError: [Errno 2] No such file or directory: 'C:\\GIT\\phage-match\\workflow\\pm_v0_1\\envs/core.yml'
WorkflowError:
Failed to open source file C:\GIT\phage-match\workflow\pm_v0_1\envs/core.yml
FileNotFoundError: [Errno 2] No such file or directory: 'C:\\GIT\\phage-match\\workflow\\pm_v0_1\\envs/core.yml'
