host: DESKTOP-RIOPIIU
Building DAG of jobs...
Provided cores: 1 (use --cores to define parallelism)
Rules claiming more threads will be scaled down.
Conda environments: ignored
Job stats:
job                    count
-------------------  -------
decision_bundle            1
safety_feature             3
similarity_feature         3
structural_features        1
total                      8

Select jobs to execute...
Execute 1 jobs...

[Sun Dec 21 01:11:57 2025]
localrule safety_feature:
    output: cache/features/safety/P001.json
    jobid: 5
    reason: Missing output files: cache/features/safety/P001.json
    wildcards: phage_id=P001
    resources: tmpdir=C:\Users\egzbi\AppData\Local\Temp

python scripts/modules/safety_compile.py --phage-id P001 --out cache/features/safety/P001.json --mock
WorkflowError:
Failed to open source file C:\Users\egzbi\AppData\Roaming\Python\Python312\envs\core.yml
FileNotFoundError: [Errno 2] No such file or directory: 'C:\\Users\\egzbi\\AppData\\Roaming\\Python\\Python312\\envs\\core.yml'
WorkflowError:
Failed to open source file C:\Users\egzbi\AppData\Roaming\Python\Python312\envs\core.yml
FileNotFoundError: [Errno 2] No such file or directory: 'C:\\Users\\egzbi\\AppData\\Roaming\\Python\\Python312\\envs\\core.yml'
